<?xml version="1.0" encoding="UTF-8"?>
<testsuite name="com.mysite.sbb.SbbApplicationTests" tests="1" skipped="0" failures="0" errors="0" timestamp="2024-06-07T09:38:10" hostname="WIN-68JRSPJEKCC" time="0.499">
  <properties/>
  <testcase name="testJpa()" classname="com.mysite.sbb.SbbApplicationTests" time="0.499"/>
  <system-out><![CDATA[18:38:06.335 [Test worker] INFO org.springframework.test.context.support.AnnotationConfigContextLoaderUtils -- Could not detect default configuration classes for test class [com.mysite.sbb.SbbApplicationTests]: SbbApplicationTests does not declare any static, non-private, non-final, nested classes annotated with @Configuration.
18:38:06.415 [Test worker] INFO org.springframework.boot.test.context.SpringBootTestContextBootstrapper -- Found @SpringBootConfiguration com.mysite.sbb.SbbApplication for test class com.mysite.sbb.SbbApplicationTests
  .   ____          _            __ _ _
 /\\ / ___'_ __ _ _(_)_ __  __ _ \ \ \ \
( ( )\___ | '_ | '_| | '_ \/ _` | \ \ \ \
 \\/  ___)| |_)| | | | | || (_| |  ) ) ) )
  '  |____| .__|_| |_|_| |_\__, | / / / /
 =========|_|==============|___/=/_/_/_/

 :: Spring Boot ::                (v3.3.0)

2024-06-07T18:38:06.829+09:00  INFO 20012 --- [sbb] [    Test worker] com.mysite.sbb.SbbApplicationTests       : Starting SbbApplicationTests using Java 22.0.1 with PID 20012 (started by tmdwo in C:\Users\tmdwo\IdeaProjects\sbb)
2024-06-07T18:38:06.831+09:00  INFO 20012 --- [sbb] [    Test worker] com.mysite.sbb.SbbApplicationTests       : No active profile set, falling back to 1 default profile: "default"
2024-06-07T18:38:07.485+09:00  INFO 20012 --- [sbb] [    Test worker] .s.d.r.c.RepositoryConfigurationDelegate : Bootstrapping Spring Data JPA repositories in DEFAULT mode.
2024-06-07T18:38:07.545+09:00  INFO 20012 --- [sbb] [    Test worker] .s.d.r.c.RepositoryConfigurationDelegate : Finished Spring Data repository scanning in 44 ms. Found 2 JPA repository interfaces.
2024-06-07T18:38:07.805+09:00  WARN 20012 --- [sbb] [    Test worker] trationDelegate$BeanPostProcessorChecker : Bean 'org.springframework.ws.config.annotation.DelegatingWsConfiguration' of type [org.springframework.ws.config.annotation.DelegatingWsConfiguration$$SpringCGLIB$$0] is not eligible for getting processed by all BeanPostProcessors (for example: not eligible for auto-proxying). The currently created BeanPostProcessor [annotationActionEndpointMapping] is declared through a non-static factory method on that class; consider declaring it as static instead.
2024-06-07T18:38:07.825+09:00  INFO 20012 --- [sbb] [    Test worker] .w.s.a.s.AnnotationActionEndpointMapping : Supporting [WS-Addressing August 2004, WS-Addressing 1.0]
2024-06-07T18:38:08.085+09:00  INFO 20012 --- [sbb] [    Test worker] o.hibernate.jpa.internal.util.LogHelper  : HHH000204: Processing PersistenceUnitInfo [name: default]
2024-06-07T18:38:08.148+09:00  INFO 20012 --- [sbb] [    Test worker] org.hibernate.Version                    : HHH000412: Hibernate ORM core version 6.5.2.Final
2024-06-07T18:38:08.185+09:00  INFO 20012 --- [sbb] [    Test worker] o.h.c.internal.RegionFactoryInitiator    : HHH000026: Second-level cache disabled
2024-06-07T18:38:08.474+09:00  INFO 20012 --- [sbb] [    Test worker] o.s.o.j.p.SpringPersistenceUnitInfo      : No LoadTimeWeaver setup: ignoring JPA class transformer
2024-06-07T18:38:08.501+09:00  INFO 20012 --- [sbb] [    Test worker] com.zaxxer.hikari.HikariDataSource       : HikariPool-1 - Starting...
2024-06-07T18:38:08.686+09:00  INFO 20012 --- [sbb] [    Test worker] com.zaxxer.hikari.pool.HikariPool        : HikariPool-1 - Added connection conn0: url=jdbc:h2:~/question user=SA
2024-06-07T18:38:08.686+09:00  INFO 20012 --- [sbb] [    Test worker] com.zaxxer.hikari.HikariDataSource       : HikariPool-1 - Start completed.
2024-06-07T18:38:08.705+09:00  WARN 20012 --- [sbb] [    Test worker] org.hibernate.orm.deprecation            : HHH90000025: H2Dialect does not need to be specified explicitly using 'hibernate.dialect' (remove the property setting and it will be selected by default)
2024-06-07T18:38:09.385+09:00  INFO 20012 --- [sbb] [    Test worker] o.h.e.t.j.p.i.JtaPlatformInitiator       : HHH000489: No JTA platform available (set 'hibernate.transaction.jta.platform' to enable JTA platform integration)
Hibernate: 
    alter table if exists answer 
       alter column content set data type TEXT
Hibernate: 
    alter table if exists question 
       alter column content set data type TEXT
2024-06-07T18:38:09.445+09:00  INFO 20012 --- [sbb] [    Test worker] j.LocalContainerEntityManagerFactoryBean : Initialized JPA EntityManagerFactory for persistence unit 'default'
2024-06-07T18:38:09.645+09:00  WARN 20012 --- [sbb] [    Test worker] JpaBaseConfiguration$JpaWebConfiguration : spring.jpa.open-in-view is enabled by default. Therefore, database queries may be performed during view rendering. Explicitly configure spring.jpa.open-in-view to disable this warning
2024-06-07T18:38:10.815+09:00  INFO 20012 --- [sbb] [    Test worker] o.s.b.a.h2.H2ConsoleAutoConfiguration    : H2 console available at '/h2-console'. Database available at 'jdbc:h2:~/question'
2024-06-07T18:38:10.913+09:00  INFO 20012 --- [sbb] [    Test worker] com.mysite.sbb.SbbApplicationTests       : Started SbbApplicationTests in 4.331 seconds (process running for 5.31)
Hibernate: 
    select
        q1_0.id,
        q1_0.content,
        q1_0.create_date,
        q1_0.subject 
    from
        question q1_0 
    where
        q1_0.id=?
Hibernate: 
    insert 
    into
        answer
        (content, create_date, question_id, id) 
    values
        (?, ?, ?, default)
]]></system-out>
  <system-err><![CDATA[WARNING: A Java agent has been loaded dynamically (C:\Users\tmdwo\.gradle\caches\modules-2\files-2.1\net.bytebuddy\byte-buddy-agent\1.14.16\4a451ee6484abac3a498df0f3b33ed00a6fced4d\byte-buddy-agent-1.14.16.jar)
WARNING: If a serviceability tool is in use, please run with -XX:+EnableDynamicAgentLoading to hide this warning
WARNING: If a serviceability tool is not in use, please run with -Djdk.instrument.traceUsage for more information
WARNING: Dynamic loading of agents will be disallowed by default in a future release
]]></system-err>
</testsuite>
